TN:
SF:src\controllers\supplier.controller.js
FN:7,(anonymous_0)
FN:34,(anonymous_1)
FN:38,(anonymous_2)
FN:56,(anonymous_3)
FN:70,(anonymous_4)
FN:85,(anonymous_5)
FN:100,(anonymous_6)
FN:118,(anonymous_7)
FN:133,(anonymous_8)
FN:162,(anonymous_9)
FN:198,(anonymous_10)
FN:219,(anonymous_11)
FN:243,(anonymous_12)
FN:282,(anonymous_13)
FN:320,(anonymous_14)
FN:342,(anonymous_15)
FN:364,(anonymous_16)
FN:368,(anonymous_17)
FN:383,(anonymous_18)
FN:398,(anonymous_19)
FN:409,(anonymous_20)
FN:412,(anonymous_21)
FN:423,(anonymous_22)
FNF:23
FNH:10
FNDA:2,(anonymous_0)
FNDA:1,(anonymous_1)
FNDA:1,(anonymous_2)
FNDA:0,(anonymous_3)
FNDA:2,(anonymous_4)
FNDA:2,(anonymous_5)
FNDA:2,(anonymous_6)
FNDA:0,(anonymous_7)
FNDA:0,(anonymous_8)
FNDA:0,(anonymous_9)
FNDA:0,(anonymous_10)
FNDA:0,(anonymous_11)
FNDA:2,(anonymous_12)
FNDA:2,(anonymous_13)
FNDA:2,(anonymous_14)
FNDA:2,(anonymous_15)
FNDA:0,(anonymous_16)
FNDA:0,(anonymous_17)
FNDA:0,(anonymous_18)
FNDA:0,(anonymous_19)
FNDA:0,(anonymous_20)
FNDA:0,(anonymous_21)
FNDA:0,(anonymous_22)
DA:7,1
DA:8,2
DA:10,2
DA:11,2
DA:13,2
DA:34,1
DA:35,1
DA:36,1
DA:38,1
DA:39,1
DA:40,1
DA:41,1
DA:44,1
DA:46,1
DA:47,1
DA:50,1
DA:51,1
DA:56,1
DA:57,0
DA:58,0
DA:59,0
DA:60,0
DA:61,0
DA:65,0
DA:66,0
DA:70,1
DA:71,2
DA:72,2
DA:73,2
DA:74,2
DA:75,1
DA:76,1
DA:80,1
DA:81,1
DA:85,1
DA:86,2
DA:87,2
DA:88,2
DA:89,1
DA:90,1
DA:94,1
DA:95,1
DA:100,1
DA:101,2
DA:102,2
DA:103,2
DA:104,1
DA:105,1
DA:108,1
DA:109,1
DA:112,1
DA:113,1
DA:118,1
DA:119,0
DA:120,0
DA:121,0
DA:122,0
DA:123,0
DA:124,0
DA:125,0
DA:128,0
DA:129,0
DA:133,1
DA:134,0
DA:135,0
DA:136,0
DA:137,0
DA:138,0
DA:139,0
DA:140,0
DA:141,0
DA:142,0
DA:143,0
DA:145,0
DA:151,0
DA:152,0
DA:153,0
DA:156,0
DA:157,0
DA:162,1
DA:163,0
DA:164,0
DA:165,0
DA:193,0
DA:195,0
DA:198,0
DA:199,0
DA:200,0
DA:201,0
DA:204,0
DA:205,0
DA:212,0
DA:213,0
DA:219,1
DA:220,0
DA:221,0
DA:222,0
DA:223,0
DA:224,0
DA:226,0
DA:227,0
DA:228,0
DA:229,0
DA:232,0
DA:233,0
DA:237,0
DA:238,0
DA:243,1
DA:244,2
DA:245,2
DA:246,2
DA:248,2
DA:249,2
DA:262,1
DA:271,1
DA:272,1
DA:277,1
DA:278,1
DA:282,1
DA:283,2
DA:284,2
DA:285,2
DA:287,2
DA:289,2
DA:298,1
DA:307,1
DA:308,1
DA:313,1
DA:314,1
DA:320,1
DA:321,2
DA:322,2
DA:323,2
DA:324,2
DA:325,2
DA:331,1
DA:332,1
DA:336,1
DA:337,1
DA:342,1
DA:343,2
DA:344,2
DA:345,2
DA:347,2
DA:348,2
DA:354,1
DA:355,1
DA:359,1
DA:360,1
DA:364,1
DA:365,0
DA:366,0
DA:367,0
DA:368,0
DA:369,0
DA:370,0
DA:371,0
DA:373,0
DA:374,0
DA:378,0
DA:379,0
DA:383,1
DA:384,0
DA:385,0
DA:386,0
DA:387,0
DA:388,0
DA:392,0
DA:393,0
DA:398,1
DA:409,0
DA:412,1
DA:413,0
DA:414,0
DA:415,0
DA:416,0
DA:418,0
DA:419,0
DA:423,1
DA:424,0
DA:425,0
DA:426,0
DA:427,0
DA:429,0
DA:430,0
LF:185
LH:96
BRDA:139,0,0,0
BRDA:139,0,1,0
BRDA:140,1,0,0
BRDA:140,1,1,0
BRDA:141,2,0,0
BRDA:141,2,1,0
BRDA:142,3,0,0
BRDA:142,3,1,0
BRDA:405,4,0,0
BRDA:405,4,1,0
BRDA:406,5,0,0
BRDA:406,5,1,0
BRDA:409,6,0,0
BRDA:409,6,1,0
BRDA:426,7,0,0
BRDA:426,7,1,0
BRF:16
BRH:0
end_of_record
